<?xml version="1.0" encoding="UTF-8"?>
<!-- Generated by org.testng.reporters.JUnitReportReporter -->
<testsuite hostname="HIBAs-Air" failures="0" tests="3" name="tests.UsersTests" time="4.681" errors="0" timestamp="2021-09-18T14:23:48 EEST" skipped="0">
  <testcase classname="tests.UsersTests" name="getNonExistingUserID" time="0.477"/>
  <system-out/>
  <testcase classname="tests.UsersTests" name="createUser" time="2.616"/>
  <system-out/>
  <testcase classname="tests.UsersTests" name="verifyUserDataWithID" time="1.588"/>
  <system-out/>
</testsuite> <!-- tests.UsersTests -->
